2023-03-16 20:43:43,511 [Worker-6: Loading available Gradle versions] INFO  o.e.b.c.i.u.g.PublishedGradleVersions - Gradle version information cache is up-to-date. Trying to read.
2023-03-16 20:44:19,581 [Worker-2: Loading available Gradle versions] INFO  o.e.b.c.i.u.g.PublishedGradleVersions - Gradle version information cache is up-to-date. Trying to read.
2023-03-16 20:44:34,590 [Worker-4: Importing Maven projects] INFO  o.e.m.c.i.l.LifecycleMappingFactory - Using org.eclipse.m2e.jdt.JarLifecycleMapping lifecycle mapping for MavenProject: br.com.fiap.smartcities:smartcities-orm:0.0.1-SNAPSHOT @ C:\Users\samue\eclipse-workspace\smartcities-orm-05-generic-dao\smartcities-orm-05-generic-dao\pom.xml.
2023-03-16 20:44:35,040 [Worker-4: Importing Maven projects] INFO  o.e.m.j.i.AbstractJavaProjectConfigurator - Adding source folder /smartcities-orm-05-generic-dao/src/main/java
2023-03-16 20:44:35,041 [Worker-4: Importing Maven projects] INFO  o.e.m.j.i.AbstractJavaProjectConfigurator - Adding resource folder /smartcities-orm-05-generic-dao/src/main/resources
2023-03-16 20:44:35,042 [Worker-4: Importing Maven projects] INFO  o.e.m.j.i.AbstractJavaProjectConfigurator - Adding source folder /smartcities-orm-05-generic-dao/src/test/java
2023-03-16 20:44:36,552 [Worker-4: Importing Maven projects] INFO  o.e.m.c.i.p.ProjectConfigurationManager - Imported and configured 1 project(s) in 2 sec
2023-03-16 20:44:39,623 [Worker-24: Building] WARN  o.e.m.c.i.embedder.EclipseLogger - Using platform encoding (Cp1252 actually) to copy filtered resources, i.e. build is platform dependent!
2023-03-16 20:44:39,631 [Worker-24: Building] INFO  o.e.m.c.i.embedder.EclipseLogger - Copying 2 resources
2023-03-16 20:44:39,660 [Worker-24: Building] WARN  o.e.m.c.i.embedder.EclipseLogger - Using platform encoding (Cp1252 actually) to copy filtered resources, i.e. build is platform dependent!
2023-03-16 20:44:39,662 [Worker-24: Building] INFO  o.e.m.c.i.embedder.EclipseLogger - skip non existing resourceDirectory C:\Users\samue\eclipse-workspace\smartcities-orm-05-generic-dao\smartcities-orm-05-generic-dao\src\test\resources
2023-03-16 20:44:49,795 [Worker-22: Building] WARN  o.e.m.c.i.embedder.EclipseLogger - Using platform encoding (Cp1252 actually) to copy filtered resources, i.e. build is platform dependent!
2023-03-16 20:44:49,796 [Worker-22: Building] INFO  o.e.m.c.i.embedder.EclipseLogger - Copying 0 resource
2023-03-16 20:44:49,799 [Worker-22: Building] WARN  o.e.m.c.i.embedder.EclipseLogger - Using platform encoding (Cp1252 actually) to copy filtered resources, i.e. build is platform dependent!
2023-03-16 20:44:49,801 [Worker-22: Building] INFO  o.e.m.c.i.embedder.EclipseLogger - skip non existing resourceDirectory C:\Users\samue\eclipse-workspace\smartcities-orm-05-generic-dao\smartcities-orm-05-generic-dao\src\test\resources
2023-03-16 20:54:23,374 [Worker-40: Building] WARN  o.e.m.c.i.embedder.EclipseLogger - Using platform encoding (Cp1252 actually) to copy filtered resources, i.e. build is platform dependent!
2023-03-16 20:54:23,384 [Worker-40: Building] INFO  o.e.m.c.i.embedder.EclipseLogger - Copying 2 resources
2023-03-16 20:54:23,387 [Worker-40: Building] WARN  o.e.m.c.i.embedder.EclipseLogger - Using platform encoding (Cp1252 actually) to copy filtered resources, i.e. build is platform dependent!
2023-03-16 20:54:23,388 [Worker-40: Building] INFO  o.e.m.c.i.embedder.EclipseLogger - skip non existing resourceDirectory C:\Users\samue\eclipse-workspace\smartcities-orm-05-generic-dao\smartcities-orm-05-generic-dao\src\test\resources
2023-03-16 20:59:25,502 [Worker-40: Building] WARN  o.e.m.c.i.embedder.EclipseLogger - Using platform encoding (Cp1252 actually) to copy filtered resources, i.e. build is platform dependent!
2023-03-16 20:59:25,504 [Worker-40: Building] INFO  o.e.m.c.i.embedder.EclipseLogger - Copying 1 resource
2023-03-16 20:59:25,508 [Worker-40: Building] WARN  o.e.m.c.i.embedder.EclipseLogger - Using platform encoding (Cp1252 actually) to copy filtered resources, i.e. build is platform dependent!
2023-03-16 20:59:25,508 [Worker-40: Building] INFO  o.e.m.c.i.embedder.EclipseLogger - skip non existing resourceDirectory C:\Users\samue\eclipse-workspace\smartcities-orm-05-generic-dao\smartcities-orm-05-generic-dao\src\test\resources
2023-03-16 20:59:27,610 [Worker-43: Building] WARN  o.e.m.c.i.embedder.EclipseLogger - Using platform encoding (Cp1252 actually) to copy filtered resources, i.e. build is platform dependent!
2023-03-16 20:59:27,611 [Worker-43: Building] INFO  o.e.m.c.i.embedder.EclipseLogger - Copying 2 resources
2023-03-16 20:59:27,613 [Worker-43: Building] WARN  o.e.m.c.i.embedder.EclipseLogger - Using platform encoding (Cp1252 actually) to copy filtered resources, i.e. build is platform dependent!
2023-03-16 20:59:27,613 [Worker-43: Building] INFO  o.e.m.c.i.embedder.EclipseLogger - skip non existing resourceDirectory C:\Users\samue\eclipse-workspace\smartcities-orm-05-generic-dao\smartcities-orm-05-generic-dao\src\test\resources
2023-03-16 21:01:01,110 [Worker-43: Building] WARN  o.e.m.c.i.embedder.EclipseLogger - Using platform encoding (Cp1252 actually) to copy filtered resources, i.e. build is platform dependent!
2023-03-16 21:01:01,111 [Worker-43: Building] INFO  o.e.m.c.i.embedder.EclipseLogger - Copying 2 resources
2023-03-16 21:01:01,113 [Worker-43: Building] WARN  o.e.m.c.i.embedder.EclipseLogger - Using platform encoding (Cp1252 actually) to copy filtered resources, i.e. build is platform dependent!
2023-03-16 21:01:01,114 [Worker-43: Building] INFO  o.e.m.c.i.embedder.EclipseLogger - skip non existing resourceDirectory C:\Users\samue\eclipse-workspace\smartcities-orm-05-generic-dao\smartcities-orm-05-generic-dao\src\test\resources
2023-03-16 21:01:50,954 [Worker-40: Building] WARN  o.e.m.c.i.embedder.EclipseLogger - Using platform encoding (Cp1252 actually) to copy filtered resources, i.e. build is platform dependent!
2023-03-16 21:01:50,955 [Worker-40: Building] INFO  o.e.m.c.i.embedder.EclipseLogger - Copying 2 resources
2023-03-16 21:01:50,956 [Worker-40: Building] WARN  o.e.m.c.i.embedder.EclipseLogger - Using platform encoding (Cp1252 actually) to copy filtered resources, i.e. build is platform dependent!
2023-03-16 21:01:50,957 [Worker-40: Building] INFO  o.e.m.c.i.embedder.EclipseLogger - skip non existing resourceDirectory C:\Users\samue\eclipse-workspace\smartcities-orm-05-generic-dao\smartcities-orm-05-generic-dao\src\test\resources
2023-03-16 21:02:01,676 [Worker-43: Building] WARN  o.e.m.c.i.embedder.EclipseLogger - Using platform encoding (Cp1252 actually) to copy filtered resources, i.e. build is platform dependent!
2023-03-16 21:02:01,677 [Worker-43: Building] INFO  o.e.m.c.i.embedder.EclipseLogger - Copying 2 resources
2023-03-16 21:02:01,680 [Worker-43: Building] WARN  o.e.m.c.i.embedder.EclipseLogger - Using platform encoding (Cp1252 actually) to copy filtered resources, i.e. build is platform dependent!
2023-03-16 21:02:01,680 [Worker-43: Building] INFO  o.e.m.c.i.embedder.EclipseLogger - skip non existing resourceDirectory C:\Users\samue\eclipse-workspace\smartcities-orm-05-generic-dao\smartcities-orm-05-generic-dao\src\test\resources
2023-03-16 21:03:41,537 [Worker-43: Building] WARN  o.e.m.c.i.embedder.EclipseLogger - Using platform encoding (Cp1252 actually) to copy filtered resources, i.e. build is platform dependent!
2023-03-16 21:03:41,538 [Worker-43: Building] INFO  o.e.m.c.i.embedder.EclipseLogger - Copying 2 resources
2023-03-16 21:03:41,540 [Worker-43: Building] WARN  o.e.m.c.i.embedder.EclipseLogger - Using platform encoding (Cp1252 actually) to copy filtered resources, i.e. build is platform dependent!
2023-03-16 21:03:41,540 [Worker-43: Building] INFO  o.e.m.c.i.embedder.EclipseLogger - skip non existing resourceDirectory C:\Users\samue\eclipse-workspace\smartcities-orm-05-generic-dao\smartcities-orm-05-generic-dao\src\test\resources
2023-03-16 21:05:01,661 [Worker-40: Building] WARN  o.e.m.c.i.embedder.EclipseLogger - Using platform encoding (Cp1252 actually) to copy filtered resources, i.e. build is platform dependent!
2023-03-16 21:05:01,662 [Worker-40: Building] INFO  o.e.m.c.i.embedder.EclipseLogger - Copying 2 resources
2023-03-16 21:05:01,664 [Worker-40: Building] WARN  o.e.m.c.i.embedder.EclipseLogger - Using platform encoding (Cp1252 actually) to copy filtered resources, i.e. build is platform dependent!
2023-03-16 21:05:01,665 [Worker-40: Building] INFO  o.e.m.c.i.embedder.EclipseLogger - skip non existing resourceDirectory C:\Users\samue\eclipse-workspace\smartcities-orm-05-generic-dao\smartcities-orm-05-generic-dao\src\test\resources
2023-03-16 21:06:13,877 [Worker-46: Building] WARN  o.e.m.c.i.embedder.EclipseLogger - Using platform encoding (Cp1252 actually) to copy filtered resources, i.e. build is platform dependent!
2023-03-16 21:06:13,878 [Worker-46: Building] INFO  o.e.m.c.i.embedder.EclipseLogger - Copying 2 resources
2023-03-16 21:06:13,880 [Worker-46: Building] WARN  o.e.m.c.i.embedder.EclipseLogger - Using platform encoding (Cp1252 actually) to copy filtered resources, i.e. build is platform dependent!
2023-03-16 21:06:13,881 [Worker-46: Building] INFO  o.e.m.c.i.embedder.EclipseLogger - skip non existing resourceDirectory C:\Users\samue\eclipse-workspace\smartcities-orm-05-generic-dao\smartcities-orm-05-generic-dao\src\test\resources
2023-03-16 21:06:22,420 [Worker-46: Building] WARN  o.e.m.c.i.embedder.EclipseLogger - Using platform encoding (Cp1252 actually) to copy filtered resources, i.e. build is platform dependent!
2023-03-16 21:06:22,421 [Worker-46: Building] INFO  o.e.m.c.i.embedder.EclipseLogger - Copying 2 resources
2023-03-16 21:06:22,423 [Worker-46: Building] WARN  o.e.m.c.i.embedder.EclipseLogger - Using platform encoding (Cp1252 actually) to copy filtered resources, i.e. build is platform dependent!
2023-03-16 21:06:22,423 [Worker-46: Building] INFO  o.e.m.c.i.embedder.EclipseLogger - skip non existing resourceDirectory C:\Users\samue\eclipse-workspace\smartcities-orm-05-generic-dao\smartcities-orm-05-generic-dao\src\test\resources
2023-03-16 21:07:41,517 [Worker-43: Building] WARN  o.e.m.c.i.embedder.EclipseLogger - Using platform encoding (Cp1252 actually) to copy filtered resources, i.e. build is platform dependent!
2023-03-16 21:07:41,519 [Worker-43: Building] INFO  o.e.m.c.i.embedder.EclipseLogger - Copying 2 resources
2023-03-16 21:07:41,520 [Worker-43: Building] WARN  o.e.m.c.i.embedder.EclipseLogger - Using platform encoding (Cp1252 actually) to copy filtered resources, i.e. build is platform dependent!
2023-03-16 21:07:41,521 [Worker-43: Building] INFO  o.e.m.c.i.embedder.EclipseLogger - skip non existing resourceDirectory C:\Users\samue\eclipse-workspace\smartcities-orm-05-generic-dao\smartcities-orm-05-generic-dao\src\test\resources
2023-03-16 21:09:15,392 [Worker-40: Building] WARN  o.e.m.c.i.embedder.EclipseLogger - Using platform encoding (Cp1252 actually) to copy filtered resources, i.e. build is platform dependent!
2023-03-16 21:09:15,393 [Worker-40: Building] INFO  o.e.m.c.i.embedder.EclipseLogger - Copying 2 resources
2023-03-16 21:09:15,394 [Worker-40: Building] WARN  o.e.m.c.i.embedder.EclipseLogger - Using platform encoding (Cp1252 actually) to copy filtered resources, i.e. build is platform dependent!
2023-03-16 21:09:15,395 [Worker-40: Building] INFO  o.e.m.c.i.embedder.EclipseLogger - skip non existing resourceDirectory C:\Users\samue\eclipse-workspace\smartcities-orm-05-generic-dao\smartcities-orm-05-generic-dao\src\test\resources
2023-03-16 21:09:50,255 [Worker-45: Building] WARN  o.e.m.c.i.embedder.EclipseLogger - Using platform encoding (Cp1252 actually) to copy filtered resources, i.e. build is platform dependent!
2023-03-16 21:09:50,256 [Worker-45: Building] INFO  o.e.m.c.i.embedder.EclipseLogger - Copying 2 resources
2023-03-16 21:09:50,258 [Worker-45: Building] WARN  o.e.m.c.i.embedder.EclipseLogger - Using platform encoding (Cp1252 actually) to copy filtered resources, i.e. build is platform dependent!
2023-03-16 21:09:50,258 [Worker-45: Building] INFO  o.e.m.c.i.embedder.EclipseLogger - skip non existing resourceDirectory C:\Users\samue\eclipse-workspace\smartcities-orm-05-generic-dao\smartcities-orm-05-generic-dao\src\test\resources
2023-03-16 21:10:32,973 [Worker-45: Building] WARN  o.e.m.c.i.embedder.EclipseLogger - Using platform encoding (Cp1252 actually) to copy filtered resources, i.e. build is platform dependent!
2023-03-16 21:10:32,974 [Worker-45: Building] INFO  o.e.m.c.i.embedder.EclipseLogger - Copying 2 resources
2023-03-16 21:10:32,977 [Worker-45: Building] WARN  o.e.m.c.i.embedder.EclipseLogger - Using platform encoding (Cp1252 actually) to copy filtered resources, i.e. build is platform dependent!
2023-03-16 21:10:32,978 [Worker-45: Building] INFO  o.e.m.c.i.embedder.EclipseLogger - skip non existing resourceDirectory C:\Users\samue\eclipse-workspace\smartcities-orm-05-generic-dao\smartcities-orm-05-generic-dao\src\test\resources
2023-03-16 21:10:48,289 [Worker-45: Building] WARN  o.e.m.c.i.embedder.EclipseLogger - Using platform encoding (Cp1252 actually) to copy filtered resources, i.e. build is platform dependent!
2023-03-16 21:10:48,290 [Worker-45: Building] INFO  o.e.m.c.i.embedder.EclipseLogger - Copying 2 resources
2023-03-16 21:10:48,292 [Worker-45: Building] WARN  o.e.m.c.i.embedder.EclipseLogger - Using platform encoding (Cp1252 actually) to copy filtered resources, i.e. build is platform dependent!
2023-03-16 21:10:48,292 [Worker-45: Building] INFO  o.e.m.c.i.embedder.EclipseLogger - skip non existing resourceDirectory C:\Users\samue\eclipse-workspace\smartcities-orm-05-generic-dao\smartcities-orm-05-generic-dao\src\test\resources
2023-03-16 21:11:01,633 [Worker-40: Building] WARN  o.e.m.c.i.embedder.EclipseLogger - Using platform encoding (Cp1252 actually) to copy filtered resources, i.e. build is platform dependent!
2023-03-16 21:11:01,634 [Worker-40: Building] INFO  o.e.m.c.i.embedder.EclipseLogger - Copying 2 resources
2023-03-16 21:11:01,636 [Worker-40: Building] WARN  o.e.m.c.i.embedder.EclipseLogger - Using platform encoding (Cp1252 actually) to copy filtered resources, i.e. build is platform dependent!
2023-03-16 21:11:01,636 [Worker-40: Building] INFO  o.e.m.c.i.embedder.EclipseLogger - skip non existing resourceDirectory C:\Users\samue\eclipse-workspace\smartcities-orm-05-generic-dao\smartcities-orm-05-generic-dao\src\test\resources
2023-03-16 21:11:05,035 [Worker-40: Building] WARN  o.e.m.c.i.embedder.EclipseLogger - Using platform encoding (Cp1252 actually) to copy filtered resources, i.e. build is platform dependent!
2023-03-16 21:11:05,037 [Worker-40: Building] INFO  o.e.m.c.i.embedder.EclipseLogger - Copying 2 resources
2023-03-16 21:11:05,052 [Worker-40: Building] WARN  o.e.m.c.i.embedder.EclipseLogger - Using platform encoding (Cp1252 actually) to copy filtered resources, i.e. build is platform dependent!
2023-03-16 21:11:05,053 [Worker-40: Building] INFO  o.e.m.c.i.embedder.EclipseLogger - skip non existing resourceDirectory C:\Users\samue\eclipse-workspace\smartcities-orm-05-generic-dao\smartcities-orm-05-generic-dao\src\test\resources
2023-03-16 21:11:14,718 [Worker-45: Building] WARN  o.e.m.c.i.embedder.EclipseLogger - Using platform encoding (Cp1252 actually) to copy filtered resources, i.e. build is platform dependent!
2023-03-16 21:11:14,719 [Worker-45: Building] INFO  o.e.m.c.i.embedder.EclipseLogger - Copying 2 resources
2023-03-16 21:11:14,720 [Worker-45: Building] WARN  o.e.m.c.i.embedder.EclipseLogger - Using platform encoding (Cp1252 actually) to copy filtered resources, i.e. build is platform dependent!
2023-03-16 21:11:14,721 [Worker-45: Building] INFO  o.e.m.c.i.embedder.EclipseLogger - skip non existing resourceDirectory C:\Users\samue\eclipse-workspace\smartcities-orm-05-generic-dao\smartcities-orm-05-generic-dao\src\test\resources
2023-03-16 21:11:16,960 [Worker-46: Building] WARN  o.e.m.c.i.embedder.EclipseLogger - Using platform encoding (Cp1252 actually) to copy filtered resources, i.e. build is platform dependent!
2023-03-16 21:11:16,962 [Worker-46: Building] INFO  o.e.m.c.i.embedder.EclipseLogger - Copying 2 resources
2023-03-16 21:11:16,963 [Worker-46: Building] WARN  o.e.m.c.i.embedder.EclipseLogger - Using platform encoding (Cp1252 actually) to copy filtered resources, i.e. build is platform dependent!
2023-03-16 21:11:16,964 [Worker-46: Building] INFO  o.e.m.c.i.embedder.EclipseLogger - skip non existing resourceDirectory C:\Users\samue\eclipse-workspace\smartcities-orm-05-generic-dao\smartcities-orm-05-generic-dao\src\test\resources
2023-03-16 21:11:23,818 [Worker-43: Building] WARN  o.e.m.c.i.embedder.EclipseLogger - Using platform encoding (Cp1252 actually) to copy filtered resources, i.e. build is platform dependent!
2023-03-16 21:11:23,820 [Worker-43: Building] INFO  o.e.m.c.i.embedder.EclipseLogger - Copying 2 resources
2023-03-16 21:11:23,821 [Worker-43: Building] WARN  o.e.m.c.i.embedder.EclipseLogger - Using platform encoding (Cp1252 actually) to copy filtered resources, i.e. build is platform dependent!
2023-03-16 21:11:23,821 [Worker-43: Building] INFO  o.e.m.c.i.embedder.EclipseLogger - skip non existing resourceDirectory C:\Users\samue\eclipse-workspace\smartcities-orm-05-generic-dao\smartcities-orm-05-generic-dao\src\test\resources
2023-03-16 21:11:35,129 [Worker-40: Building] WARN  o.e.m.c.i.embedder.EclipseLogger - Using platform encoding (Cp1252 actually) to copy filtered resources, i.e. build is platform dependent!
2023-03-16 21:11:35,130 [Worker-40: Building] INFO  o.e.m.c.i.embedder.EclipseLogger - Copying 2 resources
2023-03-16 21:11:35,131 [Worker-40: Building] WARN  o.e.m.c.i.embedder.EclipseLogger - Using platform encoding (Cp1252 actually) to copy filtered resources, i.e. build is platform dependent!
2023-03-16 21:11:35,132 [Worker-40: Building] INFO  o.e.m.c.i.embedder.EclipseLogger - skip non existing resourceDirectory C:\Users\samue\eclipse-workspace\smartcities-orm-05-generic-dao\smartcities-orm-05-generic-dao\src\test\resources
2023-03-16 21:11:52,993 [Worker-46: Building] WARN  o.e.m.c.i.embedder.EclipseLogger - Using platform encoding (Cp1252 actually) to copy filtered resources, i.e. build is platform dependent!
2023-03-16 21:11:52,995 [Worker-46: Building] INFO  o.e.m.c.i.embedder.EclipseLogger - Copying 2 resources
2023-03-16 21:11:52,996 [Worker-46: Building] WARN  o.e.m.c.i.embedder.EclipseLogger - Using platform encoding (Cp1252 actually) to copy filtered resources, i.e. build is platform dependent!
2023-03-16 21:11:52,996 [Worker-46: Building] INFO  o.e.m.c.i.embedder.EclipseLogger - skip non existing resourceDirectory C:\Users\samue\eclipse-workspace\smartcities-orm-05-generic-dao\smartcities-orm-05-generic-dao\src\test\resources
2023-03-16 21:15:22,218 [Worker-46: Building] WARN  o.e.m.c.i.embedder.EclipseLogger - Using platform encoding (Cp1252 actually) to copy filtered resources, i.e. build is platform dependent!
2023-03-16 21:15:22,220 [Worker-46: Building] INFO  o.e.m.c.i.embedder.EclipseLogger - Copying 2 resources
2023-03-16 21:15:22,222 [Worker-46: Building] WARN  o.e.m.c.i.embedder.EclipseLogger - Using platform encoding (Cp1252 actually) to copy filtered resources, i.e. build is platform dependent!
2023-03-16 21:15:22,223 [Worker-46: Building] INFO  o.e.m.c.i.embedder.EclipseLogger - skip non existing resourceDirectory C:\Users\samue\eclipse-workspace\smartcities-orm-05-generic-dao\smartcities-orm-05-generic-dao\src\test\resources
2023-03-16 22:12:00,205 [Worker-48: Building] WARN  o.e.m.c.i.embedder.EclipseLogger - Using platform encoding (Cp1252 actually) to copy filtered resources, i.e. build is platform dependent!
2023-03-16 22:12:00,209 [Worker-48: Building] INFO  o.e.m.c.i.embedder.EclipseLogger - Copying 2 resources
2023-03-16 22:12:00,212 [Worker-48: Building] WARN  o.e.m.c.i.embedder.EclipseLogger - Using platform encoding (Cp1252 actually) to copy filtered resources, i.e. build is platform dependent!
2023-03-16 22:12:00,213 [Worker-48: Building] INFO  o.e.m.c.i.embedder.EclipseLogger - skip non existing resourceDirectory C:\Users\samue\eclipse-workspace\smartcities-orm-05-generic-dao\smartcities-orm-05-generic-dao\src\test\resources
